============================= test session starts ==============================
platform linux -- Python 3.12.1, pytest-9.0.3, pluggy-1.6.0 -- /workspaces/w15_WanderNest_RAG_Chatbot/venv/bin/python
cachedir: .pytest_cache
rootdir: /workspaces/w15_WanderNest_RAG_Chatbot
plugins: langsmith-0.7.29, cov-7.1.0, asyncio-1.3.0, anyio-4.13.0
asyncio: mode=Mode.STRICT, debug=False, asyncio_default_fixture_loop_scope=None, asyncio_default_test_loop_scope=function
collecting ... collected 9 items

tests/test_config.py::test_config_loaded PASSED
tests/test_config.py::test_vector_store_type PASSED
tests/test_config.py::test_mlflow_config PASSED
tests/test_config.py::test_azure_search_config PASSED
tests/test_config.py::test_azure_storage_config PASSED
tests/test_search.py::test_config_loads PASSED
tests/test_search.py::test_imports PASSED
tests/test_search_engine.py::TestTravelSearchEngine::test_initialization PASSED
tests/test_search_engine.py::TestTravelSearchEngine::test_search_by_text DEBUG: Text Query: baggage rules
🏃 View run search_travel_info at: https://eastus.api.azureml.ms/mlflow/v2.0/subscriptions/23adc574-7bcc-412a-87d1-2ca9696b01cd/resourceGroups/rsg_vikas_manhar/providers/Microsoft.MachineLearningServices/workspaces/vikasAML/#/experiments/9c1b95e2-7f4f-4d33-ba09-a4b2164a61a7/runs/27e96d32-00a1-482b-96b9-bbfc97176b03
🧪 View experiment at: https://eastus.api.azureml.ms/mlflow/v2.0/subscriptions/23adc574-7bcc-412a-87d1-2ca9696b01cd/resourceGroups/rsg_vikas_manhar/providers/Microsoft.MachineLearningServices/workspaces/vikasAML/#/experiments/9c1b95e2-7f4f-4d33-ba09-a4b2164a61a7
PASSED

=============================== warnings summary ===============================
tests/test_search_engine.py::TestTravelSearchEngine::test_search_by_text
tests/test_search_engine.py::TestTravelSearchEngine::test_search_by_text
  /workspaces/w15_WanderNest_RAG_Chatbot/venv/lib/python3.12/site-packages/mlflow/store/tracking/rest_store.py:329: DeprecationWarning: label() is deprecated. Use is_required() or is_repeated() instead.
    req_body = message_to_json(

tests/test_search_engine.py::TestTravelSearchEngine::test_search_by_text
tests/test_search_engine.py::TestTravelSearchEngine::test_search_by_text
  /workspaces/w15_WanderNest_RAG_Chatbot/venv/lib/python3.12/site-packages/mlflow/store/tracking/rest_store.py:688: DeprecationWarning: label() is deprecated. Use is_required() or is_repeated() instead.
    req_body = message_to_json(

tests/test_search_engine.py::TestTravelSearchEngine::test_search_by_text
  /workspaces/w15_WanderNest_RAG_Chatbot/venv/lib/python3.12/site-packages/mlflow/store/tracking/rest_store.py:300: DeprecationWarning: label() is deprecated. Use is_required() or is_repeated() instead.
    req_body = message_to_json(

-- Docs: https://docs.pytest.org/en/stable/how-to/capture-warnings.html
================================ tests coverage ================================
_______________ coverage: platform linux, python 3.12.1-final-0 ________________

Name                                  Stmts   Miss  Cover
---------------------------------------------------------
governance/__init__.py                    0      0   100%
governance/compliance_checker.py         21     14    33%
governance/governance_gate.py            30     17    43%
governance/safety_validator.py           42     25    40%
guardrails/__init__.py                    0      0   100%
guardrails/content_safety.py             24     15    38%
guardrails/pii_detector.py               27     18    33%
src/app.py                               77     77     0%
src/config.py                            22      0   100%
src/data_loader.py                       82     66    20%
src/evaluate.py                         136    136     0%
src/ingestion.py                         84     84     0%
src/monitoring/__init__.py               11     11     0%
src/monitoring/logger.py                 19     19     0%
src/monitoring/metrics_collector.py      23     23     0%
src/monitoring/trace_collector.py         9      9     0%
src/search_engine.py                     38     15    61%
src/vector_store.py                      12      8    33%
---------------------------------------------------------
TOTAL                                   657    537    18%
======================== 9 passed, 5 warnings in 16.07s ========================
